This file contains any messages produced by compilers while
running configure, to aid debugging if configure makes a mistake.

It was created by FULL-PACKAGE-NAME configure VERSION, which was
generated by GNU Autoconf 2.69.  Invocation command line was

  $ ./configure 

## --------- ##
## Platform. ##
## --------- ##

hostname = acer.fis.unb.br
uname -m = x86_64
uname -r = 4.14.44-server-2.mga6
uname -s = Linux
uname -v = #1 SMP Mon May 28 23:56:28 UTC 2018

/usr/bin/uname -p = x86_64
/bin/uname -X     = unknown

/bin/arch              = x86_64
/usr/bin/arch -k       = unknown
/usr/convex/getsysinfo = unknown
/usr/bin/hostinfo      = unknown
/bin/machine           = unknown
/usr/bin/oslevel       = unknown
/bin/universe          = unknown

PATH: /usr/NX/bin
PATH: /bin
PATH: /usr/bin
PATH: /usr/local/bin
PATH: /usr/local/games
PATH: /usr/games
PATH: /usr/lib64/qt4/bin
PATH: /usr/lib64/qt5/bin
PATH: /home/jemartins/.local/bin
PATH: /home/jemartins/bin
PATH: /home/jemartins/Projects/simpl/scripts
PATH: /home/jemartins/Projects/drdaq/script


## ----------- ##
## Core tests. ##
## ----------- ##

configure:2255: checking for g++
configure:2271: found /bin/g++
configure:2282: result: g++
configure:2309: checking for C++ compiler version
configure:2318: g++ --version >&5
g++ (Mageia 5.5.0-1.mga6) 5.5.0
Copyright (C) 2015 Free Software Foundation, Inc.
This is free software; see the source for copying conditions.  There is NO
warranty; not even for MERCHANTABILITY or FITNESS FOR A PARTICULAR PURPOSE.

configure:2329: $? = 0
configure:2318: g++ -v >&5
Using built-in specs.
COLLECT_GCC=g++
COLLECT_LTO_WRAPPER=/usr/lib/gcc/x86_64-mageia-linux-gnu/5.5.0/lto-wrapper
Target: x86_64-mageia-linux-gnu
Configured with: ../configure --prefix=/usr --libexecdir=/usr/lib --with-slibdir=/lib64 --with-pkgversion='Mageia 5.5.0-1.mga6' --with-bugurl=https://bugs.mageia.org/ --mandir=/usr/share/man --infodir=/usr/share/info --enable-checking=release --enable-languages=c,c++,ada,fortran,objc,obj-c++,java --enable-linker-build-id --build=x86_64-mageia-linux-gnu --host=x86_64-mageia-linux-gnu --with-cpu=generic --with-system-zlib --enable-threads=posix --enable-shared --enable-objc-gc --enable-long-long --enable-__cxa_atexit --disable-libunwind-exceptions --enable-clocale=gnu --enable-java-awt=gtk --with-java-home=/usr/lib/jvm/java-1.5.0-gcj-1.5.0.0/jre --with-ecj-jar=/usr/share/java/eclipse-ecj.jar --enable-gtk-cairo --disable-libjava-multilib --enable-ssp --disable-libssp --disable-werror --with-isl --with-python-dir=/lib/python2.7/site-packages --enable-lto
Thread model: posix
gcc version 5.5.0 (Mageia 5.5.0-1.mga6) 
configure:2329: $? = 0
configure:2318: g++ -V >&5
g++: error: unrecognized command line option '-V'
g++: fatal error: no input files
compilation terminated.
configure:2329: $? = 1
configure:2318: g++ -qversion >&5
g++: error: unrecognized command line option '-qversion'
g++: fatal error: no input files
compilation terminated.
configure:2329: $? = 1
configure:2349: checking whether the C++ compiler works
configure:2371: g++    conftest.cpp  >&5
configure:2375: $? = 0
configure:2423: result: yes
configure:2426: checking for C++ compiler default output file name
configure:2428: result: a.out
configure:2434: checking for suffix of executables
configure:2441: g++ -o conftest    conftest.cpp  >&5
configure:2445: $? = 0
configure:2467: result: 
configure:2489: checking whether we are cross compiling
configure:2497: g++ -o conftest    conftest.cpp  >&5
configure:2501: $? = 0
configure:2508: ./conftest
configure:2512: $? = 0
configure:2527: result: no
configure:2532: checking for suffix of object files
configure:2554: g++ -c   conftest.cpp >&5
configure:2558: $? = 0
configure:2579: result: o
configure:2583: checking whether we are using the GNU C++ compiler
configure:2602: g++ -c   conftest.cpp >&5
configure:2602: $? = 0
configure:2611: result: yes
configure:2620: checking whether g++ accepts -g
configure:2640: g++ -c -g  conftest.cpp >&5
configure:2640: $? = 0
configure:2681: result: yes
configure:2752: checking for gcc
configure:2768: found /bin/gcc
configure:2779: result: gcc
configure:3008: checking for C compiler version
configure:3017: gcc --version >&5
gcc (Mageia 5.5.0-1.mga6) 5.5.0
Copyright (C) 2015 Free Software Foundation, Inc.
This is free software; see the source for copying conditions.  There is NO
warranty; not even for MERCHANTABILITY or FITNESS FOR A PARTICULAR PURPOSE.

configure:3028: $? = 0
configure:3017: gcc -v >&5
Using built-in specs.
COLLECT_GCC=gcc
COLLECT_LTO_WRAPPER=/usr/lib/gcc/x86_64-mageia-linux-gnu/5.5.0/lto-wrapper
Target: x86_64-mageia-linux-gnu
Configured with: ../configure --prefix=/usr --libexecdir=/usr/lib --with-slibdir=/lib64 --with-pkgversion='Mageia 5.5.0-1.mga6' --with-bugurl=https://bugs.mageia.org/ --mandir=/usr/share/man --infodir=/usr/share/info --enable-checking=release --enable-languages=c,c++,ada,fortran,objc,obj-c++,java --enable-linker-build-id --build=x86_64-mageia-linux-gnu --host=x86_64-mageia-linux-gnu --with-cpu=generic --with-system-zlib --enable-threads=posix --enable-shared --enable-objc-gc --enable-long-long --enable-__cxa_atexit --disable-libunwind-exceptions --enable-clocale=gnu --enable-java-awt=gtk --with-java-home=/usr/lib/jvm/java-1.5.0-gcj-1.5.0.0/jre --with-ecj-jar=/usr/share/java/eclipse-ecj.jar --enable-gtk-cairo --disable-libjava-multilib --enable-ssp --disable-libssp --disable-werror --with-isl --with-python-dir=/lib/python2.7/site-packages --enable-lto
Thread model: posix
gcc version 5.5.0 (Mageia 5.5.0-1.mga6) 
configure:3028: $? = 0
configure:3017: gcc -V >&5
gcc: error: unrecognized command line option '-V'
gcc: fatal error: no input files
compilation terminated.
configure:3028: $? = 1
configure:3017: gcc -qversion >&5
gcc: error: unrecognized command line option '-qversion'
gcc: fatal error: no input files
compilation terminated.
configure:3028: $? = 1
configure:3032: checking whether we are using the GNU C compiler
configure:3051: gcc -c   conftest.c >&5
configure:3051: $? = 0
configure:3060: result: yes
configure:3069: checking whether gcc accepts -g
configure:3089: gcc -c -g  conftest.c >&5
configure:3089: $? = 0
configure:3130: result: yes
configure:3147: checking for gcc option to accept ISO C89
configure:3210: gcc  -c -g -O2  conftest.c >&5
configure:3210: $? = 0
configure:3223: result: none needed
configure:3286: checking for a BSD-compatible install
configure:3354: result: /bin/install -c
configure:3365: checking whether ln -s works
configure:3369: result: yes
configure:3419: checking for ranlib
configure:3435: found /bin/ranlib
configure:3446: result: ranlib
configure:3472: checking for main in -lGL
configure:3491: gcc -o conftest -g -O2   conftest.c -lGL   >&5
configure:3491: $? = 0
configure:3500: result: yes
configure:3512: checking for main in -lQt5Core
configure:3531: gcc -o conftest -g -O2   conftest.c -lQt5Core  -lGL  >&5
configure:3531: $? = 0
configure:3540: result: yes
configure:3552: checking for main in -lQt5Gui
configure:3571: gcc -o conftest -g -O2   conftest.c -lQt5Gui  -lQt5Core -lGL  >&5
configure:3571: $? = 0
configure:3580: result: yes
configure:3592: checking for main in -lQt5SerialPort
configure:3611: gcc -o conftest -g -O2   conftest.c -lQt5SerialPort  -lQt5Gui -lQt5Core -lGL  >&5
configure:3611: $? = 0
configure:3620: result: yes
configure:3632: checking for main in -lQt5Widgets
configure:3651: gcc -o conftest -g -O2   conftest.c -lQt5Widgets  -lQt5SerialPort -lQt5Gui -lQt5Core -lGL  >&5
configure:3651: $? = 0
configure:3660: result: yes
configure:3672: checking for main in -lgrace_np
configure:3691: gcc -o conftest -g -O2   conftest.c -lgrace_np  -lQt5Widgets -lQt5SerialPort -lQt5Gui -lQt5Core -lGL  >&5
configure:3691: $? = 0
configure:3700: result: yes
configure:3712: checking for main in -lpthread
configure:3731: gcc -o conftest -g -O2   conftest.c -lpthread  -lgrace_np -lQt5Widgets -lQt5SerialPort -lQt5Gui -lQt5Core -lGL  >&5
configure:3731: $? = 0
configure:3740: result: yes
configure:3758: checking how to run the C preprocessor
configure:3789: gcc -E  conftest.c
configure:3789: $? = 0
configure:3803: gcc -E  conftest.c
conftest.c:16:28: fatal error: ac_nonexistent.h: No such file or directory
compilation terminated.
configure:3803: $? = 1
configure: failed program was:
| /* confdefs.h */
| #define PACKAGE_NAME "FULL-PACKAGE-NAME"
| #define PACKAGE_TARNAME "full-package-name"
| #define PACKAGE_VERSION "VERSION"
| #define PACKAGE_STRING "FULL-PACKAGE-NAME VERSION"
| #define PACKAGE_BUGREPORT "BUG-REPORT-ADDRESS"
| #define PACKAGE_URL ""
| #define HAVE_LIBGL 1
| #define HAVE_LIBQT5CORE 1
| #define HAVE_LIBQT5GUI 1
| #define HAVE_LIBQT5SERIALPORT 1
| #define HAVE_LIBQT5WIDGETS 1
| #define HAVE_LIBGRACE_NP 1
| #define HAVE_LIBPTHREAD 1
| /* end confdefs.h.  */
| #include <ac_nonexistent.h>
configure:3828: result: gcc -E
configure:3848: gcc -E  conftest.c
configure:3848: $? = 0
configure:3862: gcc -E  conftest.c
conftest.c:16:28: fatal error: ac_nonexistent.h: No such file or directory
compilation terminated.
configure:3862: $? = 1
configure: failed program was:
| /* confdefs.h */
| #define PACKAGE_NAME "FULL-PACKAGE-NAME"
| #define PACKAGE_TARNAME "full-package-name"
| #define PACKAGE_VERSION "VERSION"
| #define PACKAGE_STRING "FULL-PACKAGE-NAME VERSION"
| #define PACKAGE_BUGREPORT "BUG-REPORT-ADDRESS"
| #define PACKAGE_URL ""
| #define HAVE_LIBGL 1
| #define HAVE_LIBQT5CORE 1
| #define HAVE_LIBQT5GUI 1
| #define HAVE_LIBQT5SERIALPORT 1
| #define HAVE_LIBQT5WIDGETS 1
| #define HAVE_LIBGRACE_NP 1
| #define HAVE_LIBPTHREAD 1
| /* end confdefs.h.  */
| #include <ac_nonexistent.h>
configure:3891: checking for grep that handles long lines and -e
configure:3949: result: /bin/grep
configure:3954: checking for egrep
configure:4016: result: /bin/grep -E
configure:4021: checking for ANSI C header files
configure:4041: gcc -c -g -O2  conftest.c >&5
configure:4041: $? = 0
configure:4114: gcc -o conftest -g -O2   conftest.c -lpthread -lgrace_np -lQt5Widgets -lQt5SerialPort -lQt5Gui -lQt5Core -lGL  >&5
configure:4114: $? = 0
configure:4114: ./conftest
configure:4114: $? = 0
configure:4125: result: yes
configure:4138: checking for sys/types.h
configure:4138: gcc -c -g -O2  conftest.c >&5
configure:4138: $? = 0
configure:4138: result: yes
configure:4138: checking for sys/stat.h
configure:4138: gcc -c -g -O2  conftest.c >&5
configure:4138: $? = 0
configure:4138: result: yes
configure:4138: checking for stdlib.h
configure:4138: gcc -c -g -O2  conftest.c >&5
configure:4138: $? = 0
configure:4138: result: yes
configure:4138: checking for string.h
configure:4138: gcc -c -g -O2  conftest.c >&5
configure:4138: $? = 0
configure:4138: result: yes
configure:4138: checking for memory.h
configure:4138: gcc -c -g -O2  conftest.c >&5
configure:4138: $? = 0
configure:4138: result: yes
configure:4138: checking for strings.h
configure:4138: gcc -c -g -O2  conftest.c >&5
configure:4138: $? = 0
configure:4138: result: yes
configure:4138: checking for inttypes.h
configure:4138: gcc -c -g -O2  conftest.c >&5
configure:4138: $? = 0
configure:4138: result: yes
configure:4138: checking for stdint.h
configure:4138: gcc -c -g -O2  conftest.c >&5
configure:4138: $? = 0
configure:4138: result: yes
configure:4138: checking for unistd.h
configure:4138: gcc -c -g -O2  conftest.c >&5
configure:4138: $? = 0
configure:4138: result: yes
configure:4153: checking for stdlib.h
configure:4153: result: yes
configure:4153: checking for unistd.h
configure:4153: result: yes
configure:4165: checking for stdbool.h that conforms to C99
configure:4232: gcc -c -g -O2  conftest.c >&5
configure:4232: $? = 0
configure:4239: result: yes
configure:4241: checking for _Bool
configure:4241: gcc -c -g -O2  conftest.c >&5
configure:4241: $? = 0
configure:4241: gcc -c -g -O2  conftest.c >&5
conftest.c: In function 'main':
conftest.c:64:20: error: expected expression before ')' token
 if (sizeof ((_Bool)))
                    ^
configure:4241: $? = 1
configure: failed program was:
| /* confdefs.h */
| #define PACKAGE_NAME "FULL-PACKAGE-NAME"
| #define PACKAGE_TARNAME "full-package-name"
| #define PACKAGE_VERSION "VERSION"
| #define PACKAGE_STRING "FULL-PACKAGE-NAME VERSION"
| #define PACKAGE_BUGREPORT "BUG-REPORT-ADDRESS"
| #define PACKAGE_URL ""
| #define HAVE_LIBGL 1
| #define HAVE_LIBQT5CORE 1
| #define HAVE_LIBQT5GUI 1
| #define HAVE_LIBQT5SERIALPORT 1
| #define HAVE_LIBQT5WIDGETS 1
| #define HAVE_LIBGRACE_NP 1
| #define HAVE_LIBPTHREAD 1
| #define STDC_HEADERS 1
| #define HAVE_SYS_TYPES_H 1
| #define HAVE_SYS_STAT_H 1
| #define HAVE_STDLIB_H 1
| #define HAVE_STRING_H 1
| #define HAVE_MEMORY_H 1
| #define HAVE_STRINGS_H 1
| #define HAVE_INTTYPES_H 1
| #define HAVE_STDINT_H 1
| #define HAVE_UNISTD_H 1
| #define HAVE_STDLIB_H 1
| #define HAVE_UNISTD_H 1
| /* end confdefs.h.  */
| #include <stdio.h>
| #ifdef HAVE_SYS_TYPES_H
| # include <sys/types.h>
| #endif
| #ifdef HAVE_SYS_STAT_H
| # include <sys/stat.h>
| #endif
| #ifdef STDC_HEADERS
| # include <stdlib.h>
| # include <stddef.h>
| #else
| # ifdef HAVE_STDLIB_H
| #  include <stdlib.h>
| # endif
| #endif
| #ifdef HAVE_STRING_H
| # if !defined STDC_HEADERS && defined HAVE_MEMORY_H
| #  include <memory.h>
| # endif
| # include <string.h>
| #endif
| #ifdef HAVE_STRINGS_H
| # include <strings.h>
| #endif
| #ifdef HAVE_INTTYPES_H
| # include <inttypes.h>
| #endif
| #ifdef HAVE_STDINT_H
| # include <stdint.h>
| #endif
| #ifdef HAVE_UNISTD_H
| # include <unistd.h>
| #endif
| int
| main ()
| {
| if (sizeof ((_Bool)))
| 	    return 0;
|   ;
|   return 0;
| }
configure:4241: result: yes
configure:4254: checking for error_at_line
configure:4270: gcc -o conftest -g -O2   conftest.c -lpthread -lgrace_np -lQt5Widgets -lQt5SerialPort -lQt5Gui -lQt5Core -lGL  >&5
configure:4270: $? = 0
configure:4278: result: yes
configure:4291: checking for floor
configure:4291: gcc -o conftest -g -O2   conftest.c -lpthread -lgrace_np -lQt5Widgets -lQt5SerialPort -lQt5Gui -lQt5Core -lGL  >&5
conftest.c:52:6: warning: conflicting types for built-in function 'floor'
 char floor ();
      ^
/bin/ld: /tmp/cc1IrlhM.o: undefined reference to symbol 'floor@@GLIBC_2.2.5'
/usr/lib64/libm.so.6: error adding symbols: DSO missing from command line
collect2: error: ld returned 1 exit status
configure:4291: $? = 1
configure: failed program was:
| /* confdefs.h */
| #define PACKAGE_NAME "FULL-PACKAGE-NAME"
| #define PACKAGE_TARNAME "full-package-name"
| #define PACKAGE_VERSION "VERSION"
| #define PACKAGE_STRING "FULL-PACKAGE-NAME VERSION"
| #define PACKAGE_BUGREPORT "BUG-REPORT-ADDRESS"
| #define PACKAGE_URL ""
| #define HAVE_LIBGL 1
| #define HAVE_LIBQT5CORE 1
| #define HAVE_LIBQT5GUI 1
| #define HAVE_LIBQT5SERIALPORT 1
| #define HAVE_LIBQT5WIDGETS 1
| #define HAVE_LIBGRACE_NP 1
| #define HAVE_LIBPTHREAD 1
| #define STDC_HEADERS 1
| #define HAVE_SYS_TYPES_H 1
| #define HAVE_SYS_STAT_H 1
| #define HAVE_STDLIB_H 1
| #define HAVE_STRING_H 1
| #define HAVE_MEMORY_H 1
| #define HAVE_STRINGS_H 1
| #define HAVE_INTTYPES_H 1
| #define HAVE_STDINT_H 1
| #define HAVE_UNISTD_H 1
| #define HAVE_STDLIB_H 1
| #define HAVE_UNISTD_H 1
| #define HAVE__BOOL 1
| /* end confdefs.h.  */
| /* Define floor to an innocuous variant, in case <limits.h> declares floor.
|    For example, HP-UX 11i <limits.h> declares gettimeofday.  */
| #define floor innocuous_floor
| 
| /* System header to define __stub macros and hopefully few prototypes,
|     which can conflict with char floor (); below.
|     Prefer <limits.h> to <assert.h> if __STDC__ is defined, since
|     <limits.h> exists even on freestanding compilers.  */
| 
| #ifdef __STDC__
| # include <limits.h>
| #else
| # include <assert.h>
| #endif
| 
| #undef floor
| 
| /* Override any GCC internal prototype to avoid an error.
|    Use char because int might match the return type of a GCC
|    builtin and then its argument prototype would still apply.  */
| #ifdef __cplusplus
| extern "C"
| #endif
| char floor ();
| /* The GNU C library defines this for functions which it implements
|     to always fail with ENOSYS.  Some functions are actually named
|     something starting with __ and the normal name is an alias.  */
| #if defined __stub_floor || defined __stub___floor
| choke me
| #endif
| 
| int
| main ()
| {
| return floor ();
|   ;
|   return 0;
| }
configure:4291: result: no
configure:4417: creating ./config.status

## ---------------------- ##
## Running config.status. ##
## ---------------------- ##

This file was extended by FULL-PACKAGE-NAME config.status VERSION, which was
generated by GNU Autoconf 2.69.  Invocation command line was

  CONFIG_FILES    = 
  CONFIG_HEADERS  = 
  CONFIG_LINKS    = 
  CONFIG_COMMANDS = 
  $ ./config.status 

on acer.fis.unb.br

config.status:816: creating Makefile
config.status:816: creating config.h
config.status:991: config.h is unchanged

## ---------------- ##
## Cache variables. ##
## ---------------- ##

ac_cv_c_compiler_gnu=yes
ac_cv_cxx_compiler_gnu=yes
ac_cv_env_CCC_set=
ac_cv_env_CCC_value=
ac_cv_env_CC_set=
ac_cv_env_CC_value=
ac_cv_env_CFLAGS_set=
ac_cv_env_CFLAGS_value=
ac_cv_env_CPPFLAGS_set=
ac_cv_env_CPPFLAGS_value=
ac_cv_env_CPP_set=
ac_cv_env_CPP_value=
ac_cv_env_CXXFLAGS_set=
ac_cv_env_CXXFLAGS_value=
ac_cv_env_CXX_set=
ac_cv_env_CXX_value=
ac_cv_env_LDFLAGS_set=
ac_cv_env_LDFLAGS_value=
ac_cv_env_LIBS_set=
ac_cv_env_LIBS_value=
ac_cv_env_build_alias_set=
ac_cv_env_build_alias_value=
ac_cv_env_host_alias_set=
ac_cv_env_host_alias_value=
ac_cv_env_target_alias_set=
ac_cv_env_target_alias_value=
ac_cv_func_floor=no
ac_cv_header_inttypes_h=yes
ac_cv_header_memory_h=yes
ac_cv_header_stdbool_h=yes
ac_cv_header_stdc=yes
ac_cv_header_stdint_h=yes
ac_cv_header_stdlib_h=yes
ac_cv_header_string_h=yes
ac_cv_header_strings_h=yes
ac_cv_header_sys_stat_h=yes
ac_cv_header_sys_types_h=yes
ac_cv_header_unistd_h=yes
ac_cv_lib_GL_main=yes
ac_cv_lib_Qt5Core_main=yes
ac_cv_lib_Qt5Gui_main=yes
ac_cv_lib_Qt5SerialPort_main=yes
ac_cv_lib_Qt5Widgets_main=yes
ac_cv_lib_error_at_line=yes
ac_cv_lib_grace_np_main=yes
ac_cv_lib_pthread_main=yes
ac_cv_objext=o
ac_cv_path_EGREP='/bin/grep -E'
ac_cv_path_GREP=/bin/grep
ac_cv_path_install='/bin/install -c'
ac_cv_prog_CPP='gcc -E'
ac_cv_prog_ac_ct_CC=gcc
ac_cv_prog_ac_ct_CXX=g++
ac_cv_prog_ac_ct_RANLIB=ranlib
ac_cv_prog_cc_c89=
ac_cv_prog_cc_g=yes
ac_cv_prog_cxx_g=yes
ac_cv_type__Bool=yes

## ----------------- ##
## Output variables. ##
## ----------------- ##

CC='gcc'
CFLAGS='-g -O2'
CPP='gcc -E'
CPPFLAGS=''
CXX='g++'
CXXFLAGS='-g -O2'
DEFS='-DHAVE_CONFIG_H'
ECHO_C=''
ECHO_N='-n'
ECHO_T=''
EGREP='/bin/grep -E'
EXEEXT=''
GREP='/bin/grep'
INSTALL_DATA='${INSTALL} -m 644'
INSTALL_PROGRAM='${INSTALL}'
INSTALL_SCRIPT='${INSTALL}'
LDFLAGS=''
LIBOBJS=''
LIBS='-lpthread -lgrace_np -lQt5Widgets -lQt5SerialPort -lQt5Gui -lQt5Core -lGL '
LN_S='ln -s'
LTLIBOBJS=''
OBJEXT='o'
PACKAGE_BUGREPORT='BUG-REPORT-ADDRESS'
PACKAGE_NAME='FULL-PACKAGE-NAME'
PACKAGE_STRING='FULL-PACKAGE-NAME VERSION'
PACKAGE_TARNAME='full-package-name'
PACKAGE_URL=''
PACKAGE_VERSION='VERSION'
PATH_SEPARATOR=':'
RANLIB='ranlib'
SHELL='/bin/sh'
ac_ct_CC='gcc'
ac_ct_CXX='g++'
bindir='${exec_prefix}/bin'
build_alias=''
datadir='${datarootdir}'
datarootdir='${prefix}/share'
docdir='${datarootdir}/doc/${PACKAGE_TARNAME}'
dvidir='${docdir}'
exec_prefix='${prefix}'
host_alias=''
htmldir='${docdir}'
includedir='${prefix}/include'
infodir='${datarootdir}/info'
libdir='${exec_prefix}/lib'
libexecdir='${exec_prefix}/libexec'
localedir='${datarootdir}/locale'
localstatedir='${prefix}/var'
mandir='${datarootdir}/man'
oldincludedir='/usr/include'
pdfdir='${docdir}'
prefix='/usr/local'
program_transform_name='s,x,x,'
psdir='${docdir}'
sbindir='${exec_prefix}/sbin'
sharedstatedir='${prefix}/com'
sysconfdir='${prefix}/etc'
target_alias=''

## ----------- ##
## confdefs.h. ##
## ----------- ##

/* confdefs.h */
#define PACKAGE_NAME "FULL-PACKAGE-NAME"
#define PACKAGE_TARNAME "full-package-name"
#define PACKAGE_VERSION "VERSION"
#define PACKAGE_STRING "FULL-PACKAGE-NAME VERSION"
#define PACKAGE_BUGREPORT "BUG-REPORT-ADDRESS"
#define PACKAGE_URL ""
#define HAVE_LIBGL 1
#define HAVE_LIBQT5CORE 1
#define HAVE_LIBQT5GUI 1
#define HAVE_LIBQT5SERIALPORT 1
#define HAVE_LIBQT5WIDGETS 1
#define HAVE_LIBGRACE_NP 1
#define HAVE_LIBPTHREAD 1
#define STDC_HEADERS 1
#define HAVE_SYS_TYPES_H 1
#define HAVE_SYS_STAT_H 1
#define HAVE_STDLIB_H 1
#define HAVE_STRING_H 1
#define HAVE_MEMORY_H 1
#define HAVE_STRINGS_H 1
#define HAVE_INTTYPES_H 1
#define HAVE_STDINT_H 1
#define HAVE_UNISTD_H 1
#define HAVE_STDLIB_H 1
#define HAVE_UNISTD_H 1
#define HAVE__BOOL 1

configure: exit 0
