drdaq picoMgr build <all> starting
Dom Mar 3 14:56:34 -03 2019
make[1]: Entering directory '/home/jemartins/Projects/maroloDAQ/maroloMgr/src'
picoMgr/src build starting
make[2]: Entering directory '/home/jemartins/Projects/maroloDAQ/maroloMgr/src'

--------------------------------------------------------------------
Compiling picoMgr.c -> obj/picoMgr.o

make[2]: Leaving directory '/home/jemartins/Projects/maroloDAQ/maroloMgr/src'
cc -c -Wall -I ../include -I ../../include -I ../../../pico -I /home/jemartins/Projects/simpl/include -o obj/picoMgr.o picoMgr.c
picoMgr.c:150:23: fatal error: drdaqMsgs.h: Arquivo ou diretório não encontrado
compilation terminated.
Makefile:121: recipe for target 'obj/picoMgr.o' failed
make[1]: [obj/picoMgr.o] Error 1 (ignored)
make[2]: Entering directory '/home/jemartins/Projects/maroloDAQ/maroloMgr/src'

--------------------------------------------------------------------
Compiling picoMgrInit.c -> obj/picoMgrInit.o

make[2]: Leaving directory '/home/jemartins/Projects/maroloDAQ/maroloMgr/src'
cc -c -Wall -I ../include -I ../../include -I ../../../pico -I /home/jemartins/Projects/simpl/include -o obj/picoMgrInit.o picoMgrInit.c
picoMgrInit.c:60:22: fatal error: pico_lnx.h: Arquivo ou diretório não encontrado
compilation terminated.
Makefile:125: recipe for target 'obj/picoMgrInit.o' failed
make[1]: [obj/picoMgrInit.o] Error 1 (ignored)
make[2]: Entering directory '/home/jemartins/Projects/maroloDAQ/maroloMgr/src'

--------------------------------------------------------------------
Compiling picoMgrUtils.c -> obj/picoMgrUtils.o

make[2]: Leaving directory '/home/jemartins/Projects/maroloDAQ/maroloMgr/src'
cc -c -Wall -I ../include -I ../../include -I ../../../pico -I /home/jemartins/Projects/simpl/include -o obj/picoMgrUtils.o picoMgrUtils.c
picoMgrUtils.c:123:22: fatal error: pico_lnx.h: Arquivo ou diretório não encontrado
compilation terminated.
Makefile:129: recipe for target 'obj/picoMgrUtils.o' failed
make[1]: [obj/picoMgrUtils.o] Error 1 (ignored)
make[2]: Entering directory '/home/jemartins/Projects/maroloDAQ/maroloMgr/src'

--------------------------------------------------------------------
Compiling obj/picoMgr.o -> ../bin/picoMgr

make[2]: Leaving directory '/home/jemartins/Projects/maroloDAQ/maroloMgr/src'
cc -o ../bin/picoMgr obj/picoMgr.o obj/picoMgrInit.o obj/picoMgrUtils.o -L /home/jemartins/Projects/simpl/lib -lsimpl -lsimplmisc -lsimpllog -lm
cc: error: obj/picoMgr.o: Arquivo ou diretório não encontrado
cc: error: obj/picoMgrInit.o: Arquivo ou diretório não encontrado
cc: error: obj/picoMgrUtils.o: Arquivo ou diretório não encontrado
Makefile:114: recipe for target '../bin/picoMgr' failed
make[1]: [../bin/picoMgr] Error 1 (ignored)
picoMgr all
make[1]: Leaving directory '/home/jemartins/Projects/maroloDAQ/maroloMgr/src'
make[1]: Entering directory '/home/jemartins/Projects/maroloDAQ/maroloMgr/test'
============== picoMgr/test starting ================
make[2]: Entering directory '/home/jemartins/Projects/maroloDAQ/maroloMgr/test'

--------------------------------------------------------------------
Compiling picoStim.c -> obj/picoStim.o

make[2]: Leaving directory '/home/jemartins/Projects/maroloDAQ/maroloMgr/test'
cc -c -g -Wall -I ../include -I ../../include -I /home/jemartins/Projects/simpl/include -o obj/picoStim.o picoStim.c
picoStim.c:89:23: fatal error: drdaqMsgs.h: Arquivo ou diretório não encontrado
compilation terminated.
Makefile:156: recipe for target 'obj/picoStim.o' failed
make[1]: [obj/picoStim.o] Error 1 (ignored)
make[2]: Entering directory '/home/jemartins/Projects/maroloDAQ/maroloMgr/test'

--------------------------------------------------------------------
Compiling picoStimInit.c -> obj/picoStimInit.o

make[2]: Leaving directory '/home/jemartins/Projects/maroloDAQ/maroloMgr/test'
cc -c -g -Wall -I ../include -I ../../include -I /home/jemartins/Projects/simpl/include -o obj/picoStimInit.o picoStimInit.c
picoStimInit.c:56:23: fatal error: drdaqMsgs.h: Arquivo ou diretório não encontrado
compilation terminated.
Makefile:164: recipe for target 'obj/picoStimInit.o' failed
make[1]: [obj/picoStimInit.o] Error 1 (ignored)
make[2]: Entering directory '/home/jemartins/Projects/maroloDAQ/maroloMgr/test'

--------------------------------------------------------------------
Compiling picoStimUtils.c -> obj/picoStimUtils.o

make[2]: Leaving directory '/home/jemartins/Projects/maroloDAQ/maroloMgr/test'
cc -c -g -Wall -I ../include -I ../../include -I /home/jemartins/Projects/simpl/include -o obj/picoStimUtils.o picoStimUtils.c
picoStimUtils.c:53:23: fatal error: drdaqMsgs.h: Arquivo ou diretório não encontrado
compilation terminated.
Makefile:168: recipe for target 'obj/picoStimUtils.o' failed
make[1]: [obj/picoStimUtils.o] Error 1 (ignored)
make[2]: Entering directory '/home/jemartins/Projects/maroloDAQ/maroloMgr/test'

--------------------------------------------------------------------
Compiling obj/picoStim.o -> ../bin/picoStim

make[2]: Leaving directory '/home/jemartins/Projects/maroloDAQ/maroloMgr/test'
cc -o ../bin/picoStim obj/picoStim.o obj/picoStimInit.o obj/picoStimUtils.o -L /home/jemartins/Projects/simpl/lib -lsimpllog -lsimpl -lsimplmisc
cc: error: obj/picoStim.o: Arquivo ou diretório não encontrado
cc: error: obj/picoStimInit.o: Arquivo ou diretório não encontrado
cc: error: obj/picoStimUtils.o: Arquivo ou diretório não encontrado
Makefile:137: recipe for target '../bin/picoStim' failed
make[1]: [../bin/picoStim] Error 1 (ignored)
make[2]: Entering directory '/home/jemartins/Projects/maroloDAQ/maroloMgr/test'

--------------------------------------------------------------------
Compiling autoStim.c -> obj/autoStim.o

make[2]: Leaving directory '/home/jemartins/Projects/maroloDAQ/maroloMgr/test'
cc -c -g -Wall -I ../include -I ../../include -I /home/jemartins/Projects/simpl/include -o obj/autoStim.o autoStim.c
autoStim.c:67:23: fatal error: drdaqMsgs.h: Arquivo ou diretório não encontrado
compilation terminated.
Makefile:160: recipe for target 'obj/autoStim.o' failed
make[1]: [obj/autoStim.o] Error 1 (ignored)
make[2]: Entering directory '/home/jemartins/Projects/maroloDAQ/maroloMgr/test'

--------------------------------------------------------------------
Compiling obj/autoStim.o -> ../bin/autoStim

make[2]: Leaving directory '/home/jemartins/Projects/maroloDAQ/maroloMgr/test'
cc -o ../bin/autoStim obj/autoStim.o obj/picoStimInit.o obj/picoStimUtils.o -L /home/jemartins/Projects/simpl/lib -lsimpllog -lsimpl -lsimplmisc
cc: error: obj/autoStim.o: Arquivo ou diretório não encontrado
cc: error: obj/picoStimInit.o: Arquivo ou diretório não encontrado
cc: error: obj/picoStimUtils.o: Arquivo ou diretório não encontrado
Makefile:141: recipe for target '../bin/autoStim' failed
make[1]: [../bin/autoStim] Error 1 (ignored)
make[2]: Entering directory '/home/jemartins/Projects/maroloDAQ/maroloMgr/test'

--------------------------------------------------------------------
Compiling guiStim.c -> obj/guiStim.o

make[2]: Leaving directory '/home/jemartins/Projects/maroloDAQ/maroloMgr/test'
cc -c -g -Wall -I ../include -I ../../include -I /home/jemartins/Projects/simpl/include -o obj/guiStim.o guiStim.c
guiStim.c:87:23: fatal error: drdaqMsgs.h: Arquivo ou diretório não encontrado
compilation terminated.
Makefile:172: recipe for target 'obj/guiStim.o' failed
make[1]: [obj/guiStim.o] Error 1 (ignored)
make[2]: Entering directory '/home/jemartins/Projects/maroloDAQ/maroloMgr/test'

--------------------------------------------------------------------
Compiling guiStimInit.c -> obj/guiStimInit.o

make[2]: Leaving directory '/home/jemartins/Projects/maroloDAQ/maroloMgr/test'
cc -c -g -Wall -I ../include -I ../../include -I /home/jemartins/Projects/simpl/include -o obj/guiStimInit.o guiStimInit.c
guiStimInit.c:62:23: fatal error: drdaqMsgs.h: Arquivo ou diretório não encontrado
compilation terminated.
Makefile:180: recipe for target 'obj/guiStimInit.o' failed
make[1]: [obj/guiStimInit.o] Error 1 (ignored)
make[2]: Entering directory '/home/jemartins/Projects/maroloDAQ/maroloMgr/test'

--------------------------------------------------------------------
Compiling guiStimUtils.c -> obj/guiStimUtils.o

make[2]: Leaving directory '/home/jemartins/Projects/maroloDAQ/maroloMgr/test'
cc -c -g -Wall -I ../include -I ../../include -I /home/jemartins/Projects/simpl/include -o obj/guiStimUtils.o guiStimUtils.c
guiStimUtils.c:56:23: fatal error: drdaqMsgs.h: Arquivo ou diretório não encontrado
compilation terminated.
Makefile:184: recipe for target 'obj/guiStimUtils.o' failed
make[1]: [obj/guiStimUtils.o] Error 1 (ignored)
make[2]: Entering directory '/home/jemartins/Projects/maroloDAQ/maroloMgr/test'

--------------------------------------------------------------------
Compiling obj/guiStim.o -> ../bin/guiStim

make[2]: Leaving directory '/home/jemartins/Projects/maroloDAQ/maroloMgr/test'
cc -o ../bin/guiStim obj/guiStim.o obj/guiStimInit.o obj/guiStimUtils.o -L /home/jemartins/Projects/simpl/lib -lsimpllog -lsimpl -lsimplmisc
cc: error: obj/guiStim.o: Arquivo ou diretório não encontrado
cc: error: obj/guiStimInit.o: Arquivo ou diretório não encontrado
cc: error: obj/guiStimUtils.o: Arquivo ou diretório não encontrado
Makefile:145: recipe for target '../bin/guiStim' failed
make[1]: [../bin/guiStim] Error 1 (ignored)
make[2]: Entering directory '/home/jemartins/Projects/maroloDAQ/maroloMgr/test'

--------------------------------------------------------------------
Compiling autoguiStim.c -> obj/autoguiStim.o

make[2]: Leaving directory '/home/jemartins/Projects/maroloDAQ/maroloMgr/test'
cc -c -g -Wall -I ../include -I ../../include -I /home/jemartins/Projects/simpl/include -o obj/autoguiStim.o autoguiStim.c
autoguiStim.c:48:23: fatal error: drdaqMsgs.h: Arquivo ou diretório não encontrado
compilation terminated.
Makefile:176: recipe for target 'obj/autoguiStim.o' failed
make[1]: [obj/autoguiStim.o] Error 1 (ignored)
make[2]: Entering directory '/home/jemartins/Projects/maroloDAQ/maroloMgr/test'

--------------------------------------------------------------------
Compiling obj/autoguiStim.o -> ../bin/autoguiStim

make[2]: Leaving directory '/home/jemartins/Projects/maroloDAQ/maroloMgr/test'
cc -o ../bin/autoguiStim obj/autoguiStim.o obj/guiStimInit.o obj/guiStimUtils.o -L /home/jemartins/Projects/simpl/lib -lsimpllog -lsimpl -lsimplmisc
cc: error: obj/autoguiStim.o: Arquivo ou diretório não encontrado
cc: error: obj/guiStimInit.o: Arquivo ou diretório não encontrado
cc: error: obj/guiStimUtils.o: Arquivo ou diretório não encontrado
Makefile:149: recipe for target '../bin/autoguiStim' failed
make[1]: [../bin/autoguiStim] Error 1 (ignored)
make[2]: Entering directory '/home/jemartins/Projects/maroloDAQ/maroloMgr/test'
============== picoMgr/test <all> done ================
make[2]: Leaving directory '/home/jemartins/Projects/maroloDAQ/maroloMgr/test'
make[1]: Leaving directory '/home/jemartins/Projects/maroloDAQ/maroloMgr/test'
drdaq picoMgr <all> done
Dom Mar 3 14:56:35 -03 2019
